<?xml version="1.0" encoding="UTF-8"?>
<!-- Generated by org.testng.reporters.JUnitXMLReporter -->
<testsuite ignored="2" hostname="DESKTOP-QND783A" failures="0" tests="2" name="Test" time="26.145" errors="0" timestamp="2024-07-04T09:16:07 IST">
  <testcase classname="scripts.TC1" name="test1" time="0.062"/>
  <testcase classname="scripts.TC2" name="test2" time="0.049"/>
  <testcase classname="generic.BaseTest" name="@AfterSuite publishReport" time="0.0">
    <ignored/>
  </testcase> <!-- @AfterSuite publishReport -->
  <testcase classname="generic.BaseTest" name="@BeforeSuite createReport" time="0.0">
    <ignored/>
  </testcase> <!-- @BeforeSuite createReport -->
</testsuite> <!-- Test -->
